{
  "RSpec": {
    "coverage": {
      "/Users/nicholasbundy/dev/poorpal/app/helpers/application_helper.rb": [
        1,
        null
      ],
      "/Users/nicholasbundy/dev/poorpal/app/models/user.rb": [
        1,
        1,
        1,
        1,
        1,
        1,
        1,
        1,
        null,
        1,
        16,
        null,
        null,
        null
      ],
      "/Users/nicholasbundy/dev/poorpal/app/controllers/welcome_controller.rb": [
        1,
        1,
        null,
        1,
        null,
        null,
        null
      ],
      "/Users/nicholasbundy/dev/poorpal/app/controllers/application_controller.rb": [
        1,
        null,
        null,
        1,
        null,
        1,
        136,
        null,
        null,
        1,
        31,
        null,
        null,
        null,
        1,
        null,
        null
      ],
      "/Users/nicholasbundy/dev/poorpal/app/controllers/session_controller.rb": [
        1,
        null,
        1,
        null,
        null,
        1,
        null,
        null,
        1,
        9,
        null,
        9,
        9,
        9,
        null,
        0,
        0,
        null,
        null,
        null,
        null,
        1,
        1,
        1,
        null,
        null,
        null
      ],
      "/Users/nicholasbundy/dev/poorpal/app/controllers/users_controller.rb": [
        1,
        1,
        1,
        null,
        1,
        3,
        2,
        null,
        1,
        null,
        null,
        null,
        1,
        2,
        null,
        null,
        1,
        2,
        null,
        2,
        1,
        1,
        null,
        1,
        null,
        null,
        null,
        null,
        1,
        13,
        null,
        null,
        1,
        2,
        null,
        null,
        1,
        2,
        null,
        2,
        1,
        null,
        1,
        null,
        null,
        null,
        null,
        1,
        null,
        null,
        null,
        1,
        null,
        1,
        19,
        null,
        null,
        1,
        4,
        null,
        null,
        1,
        17,
        1,
        null,
        null,
        null,
        1,
        16,
        1,
        null,
        null,
        null,
        null
      ],
      "/Users/nicholasbundy/dev/poorpal/app/controllers/shopping_lists_controller.rb": [
        1,
        1,
        1,
        null,
        1,
        1,
        null,
        null,
        1,
        2,
        null,
        null,
        1,
        1,
        null,
        null,
        1,
        1,
        1,
        null,
        1,
        1,
        null,
        0,
        null,
        null,
        null,
        null,
        1,
        0,
        null,
        null,
        1,
        0,
        null,
        null,
        1,
        1,
        1,
        1,
        null,
        null,
        1,
        0,
        null,
        0,
        0,
        null,
        0,
        null,
        null,
        null,
        null,
        1,
        0,
        0,
        0,
        null,
        null,
        null,
        null,
        null,
        1,
        null,
        1,
        5,
        null,
        null,
        1,
        1,
        null,
        null,
        1,
        1,
        2,
        1,
        null,
        null,
        1,
        1,
        null,
        null,
        null,
        null
      ],
      "/Users/nicholasbundy/dev/poorpal/app/models/shopping_list.rb": [
        1,
        1,
        1,
        null,
        1,
        null
      ],
      "/Users/nicholasbundy/dev/poorpal/app/models/product.rb": [
        1,
        1,
        null,
        1,
        1,
        1,
        null
      ],
      "/Users/nicholasbundy/dev/poorpal/app/controllers/products_controller.rb": [
        1,
        1,
        1,
        1,
        1,
        null,
        null,
        1,
        1,
        null,
        1,
        1,
        1,
        1,
        null,
        null,
        1,
        0,
        0,
        null,
        null,
        1,
        0,
        null,
        null,
        1,
        0,
        0,
        null,
        0,
        0,
        null,
        0,
        null,
        null,
        null,
        null,
        1,
        0,
        null,
        0,
        0,
        null,
        0,
        null,
        null,
        null,
        null,
        1,
        0,
        0,
        0,
        null,
        null,
        null,
        1,
        null,
        1,
        1,
        null,
        null,
        1,
        1,
        null,
        null,
        1,
        0,
        0,
        0,
        0,
        null,
        0,
        0,
        0,
        0,
        0,
        null,
        null,
        null,
        null,
        null,
        0,
        null,
        null,
        1,
        0,
        0,
        0,
        null,
        0,
        null,
        0,
        0,
        0,
        0,
        0,
        0,
        0,
        null,
        null,
        null,
        null,
        0,
        null,
        null,
        null,
        0,
        0,
        null,
        0,
        null,
        0,
        null,
        null,
        null,
        null,
        null,
        null,
        1,
        1,
        2,
        1,
        null,
        null,
        1,
        0,
        null,
        null,
        null,
        null
      ],
      "/Users/nicholasbundy/dev/poorpal/app/mailers/user_mailer.rb": [
        1,
        1,
        null,
        null,
        1,
        1,
        1,
        1,
        1,
        1,
        null,
        null,
        null
      ]
    },
    "timestamp": 1393788680
  }
}
