{
  "RSpec": {
    "coverage": {
      "/Users/nicholasbundy/dev/poorpal/app/helpers/application_helper.rb": [
        1,
        null
      ],
      "/Users/nicholasbundy/dev/poorpal/app/models/user.rb": [
        1,
        1,
        1,
        1,
        1,
        1,
        1,
        1,
        null,
        1,
        5,
        null,
        null,
        null
      ],
      "/Users/nicholasbundy/dev/poorpal/app/controllers/welcome_controller.rb": [
        1,
        1,
        null,
        1,
        null,
        null,
        null
      ],
      "/Users/nicholasbundy/dev/poorpal/app/controllers/application_controller.rb": [
        1,
        null,
        null,
        1,
        null,
        1,
        28,
        null,
        null,
        1,
        5,
        null,
        null,
        null,
        1,
        null,
        null
      ],
      "/Users/nicholasbundy/dev/poorpal/app/controllers/session_controller.rb": [
        1,
        null,
        1,
        null,
        null,
        1,
        null,
        null,
        1,
        2,
        null,
        2,
        2,
        2,
        null,
        0,
        0,
        null,
        null,
        null,
        null,
        1,
        0,
        0,
        null,
        null,
        null
      ],
      "/Users/nicholasbundy/dev/poorpal/app/controllers/users_controller.rb": [
        1,
        1,
        1,
        null,
        1,
        2,
        2,
        null,
        0,
        null,
        null,
        null,
        1,
        0,
        null,
        null,
        1,
        0,
        null,
        0,
        0,
        null,
        0,
        null,
        null,
        null,
        null,
        1,
        3,
        null,
        null,
        1,
        0,
        null,
        null,
        1,
        0,
        null,
        0,
        0,
        null,
        0,
        null,
        null,
        null,
        null,
        1,
        null,
        null,
        null,
        1,
        null,
        1,
        3,
        null,
        null,
        1,
        0,
        null,
        null,
        1,
        3,
        0,
        null,
        null,
        null,
        1,
        3,
        0,
        null,
        null,
        null,
        null
      ]
    },
    "timestamp": 1393597558
  }
}
